2025-02-01T10:15:00: feat: add card modifier preview in inventory UI
2025-02-01T14:32:00: fix: resolve tooltip overflow on small screen cards
2025-02-02T11:08:00: feat: implement modifier stacking display in battle log
2025-02-02T15:45:00: refactor: extract card tooltip into reusable component
2025-02-05T20:13:00: fix: correct damage calculation when modifier applied twice
2025-02-08T10:30:00: feat: add animated card flip on reveal in loot box opening
2025-02-08T16:55:00: perf: debounce inventory search input
2025-02-09T12:20:00: fix: resolve z-index issue with card modal overlay
2025-02-14T19:40:00: chore: update dependencies to latest patch versions
2025-02-15T09:15:00: feat: add rarity color coding to inventory list
2025-02-15T14:50:00: feat: implement sort by rarity in inventory
2025-02-16T11:30:00: fix: resolve filter reset on page navigation
2025-02-21T21:05:00: fix: correct XP reward calculation for boss fights
2025-02-22T10:45:00: feat: add confirmation dialog for card discard
2025-02-22T15:20:00: feat: highlight newly acquired cards in inventory
2025-02-23T13:00:00: fix: resolve inventory pagination edge case on last page
2025-03-01T10:00:00: feat: add deck validation before battle start
2025-03-01T15:30:00: fix: prevent duplicate card IDs in deck builder
2025-03-02T12:15:00: refactor: simplify DeckUI state management
2025-03-05T20:30:00: chore: clean up unused CSS classes in main.css
2025-03-07T19:45:00: fix: resolve mobile touch event on card drag
2025-03-08T10:20:00: feat: add win streak tracking to player profile
2025-03-08T14:55:00: feat: display win streak on leaderboard
2025-03-09T11:10:00: fix: reset win streak correctly on defeat
2025-03-09T16:40:00: refactor: move streak logic to Player.js
2025-03-12T21:00:00: fix: correct socket room cleanup on disconnect
2025-03-15T09:30:00: feat: add game history log for last 10 battles
